/*C13*/SET SCHEMA PUBLIC
drop table if exists public.sc_schedule CASCADE 
drop table if exists public.sc_user CASCADE 
create table public.sc_schedule (id bigint generated by default as identity (start with 1), description varchar(255), end_date timestamp not null, group_id varchar(255), is_editable boolean default TRUE, schedule_id varchar(255), start_date timestamp not null, style_class varchar(255), title varchar(255), url varchar(255), user_name varchar(255), primary key (id))
create table public.sc_user (id bigint generated by default as identity (start with 1), e_mail varchar(255), first_name varchar(255), last_name varchar(255), primary key (id))
alter table public.sc_user add constraint UK_6hyq8432klvcnc5bo3wcmqebg unique (e_mail)
alter table public.sc_schedule add constraint FKb4ivf5euui39r70du2b4jclv8 foreign key (id) references public.sc_user
drop table if exists public.sc_schedule CASCADE 
drop table if exists public.sc_user CASCADE 
DISCONNECT
/*C14*/SET SCHEMA PUBLIC
DISCONNECT
/*C15*/SET SCHEMA PUBLIC
DISCONNECT
/*C16*/SET SCHEMA PUBLIC
DISCONNECT
/*C17*/SET SCHEMA PUBLIC
DISCONNECT
/*C18*/SET SCHEMA PUBLIC
DISCONNECT
/*C19*/SET SCHEMA PUBLIC
DISCONNECT
/*C20*/SET SCHEMA PUBLIC
DISCONNECT
/*C21*/SET SCHEMA PUBLIC
DISCONNECT
/*C22*/SET SCHEMA PUBLIC
DISCONNECT
